2016-07-07 09:53:42 Error: [Cake\Database\Exception] SQLSTATE[42S02]: Base table or view not found: 1146 Table 'my_app.tansactions' doesn't exist
Stack Trace:
#0 D:\Study\CakePHP\testing\vendor\cakephp\cakephp\src\Database\Schema\Collection.php(96): Cake\Database\Schema\Collection->_reflect('Column', 'tansactions', Array, Object(Cake\Database\Schema\Table))
#1 D:\Study\CakePHP\testing\vendor\cakephp\cakephp\src\Database\Schema\CachedCollection.php(64): Cake\Database\Schema\Collection->describe('tansactions', Array)
#2 D:\Study\CakePHP\testing\vendor\cakephp\cakephp\src\ORM\Table.php(430): Cake\Database\Schema\CachedCollection->describe('tansactions')
#3 D:\Study\CakePHP\testing\vendor\cakephp\cakephp\src\ORM\Table.php(506): Cake\ORM\Table->schema()
#4 D:\Study\CakePHP\testing\vendor\cakephp\bake\src\Shell\Task\ModelTask.php(206): Cake\ORM\Table->primaryKey()
#5 D:\Study\CakePHP\testing\vendor\cakephp\bake\src\Shell\Task\ModelTask.php(124): Bake\Shell\Task\ModelTask->getAssociations(Object(Cake\ORM\Table))
#6 D:\Study\CakePHP\testing\vendor\cakephp\bake\src\Shell\Task\ModelTask.php(109): Bake\Shell\Task\ModelTask->getTableContext(Object(Cake\ORM\Table), 'tansactions', 'Tansactions')
#7 D:\Study\CakePHP\testing\vendor\cakephp\bake\src\Shell\Task\ModelTask.php(96): Bake\Shell\Task\ModelTask->bake('Tansactions')
#8 D:\Study\CakePHP\testing\vendor\cakephp\bake\src\Shell\BakeShell.php(250): Bake\Shell\Task\ModelTask->main('Tansactions')
#9 D:\Study\CakePHP\testing\vendor\cakephp\cakephp\src\Collection\CollectionTrait.php(51): Bake\Shell\BakeShell->Bake\Shell\{closure}('tansactions', 0)
#10 D:\Study\CakePHP\testing\vendor\cakephp\bake\src\Shell\BakeShell.php(253): Cake\Collection\Collection->each(Object(Closure))
#11 [internal function]: Bake\Shell\BakeShell->all('tansactions')
#12 D:\Study\CakePHP\testing\vendor\cakephp\cakephp\src\Console\Shell.php(444): call_user_func_array(Array, Array)
#13 D:\Study\CakePHP\testing\vendor\cakephp\cakephp\src\Console\ShellDispatcher.php(217): Cake\Console\Shell->runCommand(Array, true, Array)
#14 D:\Study\CakePHP\testing\vendor\cakephp\cakephp\src\Console\ShellDispatcher.php(181): Cake\Console\ShellDispatcher->_dispatch(Array)
#15 D:\Study\CakePHP\testing\vendor\cakephp\cakephp\src\Console\ShellDispatcher.php(127): Cake\Console\ShellDispatcher->dispatch(Array)
#16 D:\Study\CakePHP\testing\bin\cake.php(33): Cake\Console\ShellDispatcher::run(Array)
#17 {main}


2016-07-29 10:13:02 Error: [Cake\Core\Exception\MissingPluginException] Plugin Josegonzalez/Upload could not be found.
Exception Attributes: array (
  'plugin' => 'Josegonzalez/Upload',
)
Stack Trace:
#0 D:\Study\CakePHP\testing - Copy\config\bootstrap.php(227): Cake\Core\Plugin::load('Josegonzalez/Up...')
#1 D:\Study\CakePHP\testing - Copy\bin\cake.php(31): include('D:\\Study\\CakePH...')
#2 {main}


